2026-02-09 02:01:10,566 - INFO - Orchestrator logs will be saved to: logs/orchestrator_temp.log
2026-02-09 02:01:11,260 - INFO - Mounted /storage for serving screenshot files from /home/clawuser/.openclaw/workspace/Orchestrator/storage
INFO:     Will watch for changes in these directories: ['/home/clawuser/.openclaw/workspace/Orchestrator/backend']
INFO:     Uvicorn running on http://0.0.0.0:8000 (Press CTRL+C to quit)
INFO:     Started reloader process [14503] using WatchFiles
2026-02-09 02:04:52,999 - INFO - Orchestrator logs will be saved to: logs/orchestrator_temp.log
2026-02-09 02:04:53,219 - INFO - Mounted /storage for serving screenshot files from /home/clawuser/.openclaw/workspace/Orchestrator/storage
INFO:     Orchestrator logs will be saved to: logs/orchestrator_temp.log
INFO:     Mounted /storage for serving screenshot files from /home/clawuser/.openclaw/workspace/Orchestrator/storage
INFO:     Started server process [17230]
INFO:     Waiting for application startup.
INFO:     🔧 Running database migrations...
ERROR:    ❌ Failed to run migrations: [Errno 2] No such file or directory: 'alembic'
Traceback (most recent call last):
  File "/home/clawuser/.openclaw/workspace/Orchestrator/backend/main.py", line 65, in lifespan
    result = subprocess.run(
        ["alembic", "upgrade", "head"],
    ...<2 lines>...
        text=True
    )
  File "/usr/lib/python3.13/subprocess.py", line 554, in run
    with Popen(*popenargs, **kwargs) as process:
         ~~~~~^^^^^^^^^^^^^^^^^^^^^^
  File "/usr/lib/python3.13/subprocess.py", line 1039, in __init__
    self._execute_child(args, executable, preexec_fn, close_fds,
    ~~~~~~~~~~~~~~~~~~~^^^^^^^^^^^^^^^^^^^^^^^^^^^^^^^^^^^^^^^^^
                        pass_fds, cwd, env,
                        ^^^^^^^^^^^^^^^^^^^
    ...<5 lines>...
                        gid, gids, uid, umask,
                        ^^^^^^^^^^^^^^^^^^^^^^
                        start_new_session, process_group)
                        ^^^^^^^^^^^^^^^^^^^^^^^^^^^^^^^^^
  File "/usr/lib/python3.13/subprocess.py", line 1972, in _execute_child
    raise child_exception_type(errno_num, err_msg, err_filename)
FileNotFoundError: [Errno 2] No such file or directory: 'alembic'
INFO:     🔧 Ensuring database tables exist...
2026-02-09 02:04:53,713 - INFO - Creating database tables...
2026-02-09 02:04:53,747 - INFO - ✅ All tables created successfully
INFO:     ✅ Database tables ready
INFO:     Syncing SKILL.md agent definitions to database...
2026-02-09 02:04:53,747 - INFO - ============================================================
2026-02-09 02:04:53,748 - INFO - UAP Skill Sync: Starting...
2026-02-09 02:04:53,748 - INFO - ============================================================
2026-02-09 02:04:53,748 - INFO - Creating database tables...
2026-02-09 02:04:53,765 - INFO - ✅ All tables created successfully
2026-02-09 02:04:53,817 - INFO - ✅ Up-to-date (SKILL.md): Spreadsheet Agent
2026-02-09 02:04:53,825 - INFO - ✅ Up-to-date (SKILL.md): Mail Agent
2026-02-09 02:04:53,831 - INFO - ✅ Up-to-date (SKILL.md): Browser Automation Agent
2026-02-09 02:04:53,837 - INFO - ✅ Up-to-date (SKILL.md): Document Agent
2026-02-09 02:04:53,845 - INFO - ✅ Up-to-date (SKILL.md): Zoho Books Agent
2026-02-09 02:04:53,846 - INFO - ============================================================
2026-02-09 02:04:53,846 - INFO - UAP Skill Sync: Complete
2026-02-09 02:04:53,846 - INFO - ============================================================
2026-02-09 02:04:53,846 - INFO - ➕ New agents added: 0
2026-02-09 02:04:53,846 - INFO - 🔄 Agents updated: 0
2026-02-09 02:04:53,846 - INFO - ✅ Agents unchanged: 5
2026-02-09 02:04:53,846 - INFO - ============================================================
INFO:     ✅ SKILL.md agent sync completed successfully
INFO:     Starting 4 agent server(s)...
INFO:     Agent servers started. Ready for requests.
INFO:     ✓ Agents started in background
INFO:     ✓ Health checker started
INFO:     Initializing workflow scheduler...
2026-02-09 02:04:55,296 - INFO - Scheduler started
2026-02-09 02:04:55,299 - INFO - Workflow scheduler initialized
2026-02-09 02:04:55,315 - INFO - Loaded 0 active schedules
INFO:     ✓ Workflow scheduler initialized with 0 jobs loaded
INFO:     ============================================================
INFO:     APPLICATION STARTUP COMPLETED
INFO:     ============================================================
INFO:     Application startup complete.
2026-02-09 02:04:59,563 - INFO - HTTP Request: GET http://localhost:8050/health "HTTP/1.1 200 OK"
2026-02-09 02:04:59,771 - INFO - HTTP Request: GET http://localhost:8040/health "HTTP/1.1 200 OK"
2026-02-09 04:50:15,145 - INFO - HTTP Request: GET http://localhost:9000/health "HTTP/1.1 200 OK"
